2024-03-05 13:56:41,191 - root - INFO - Epoch 0; loss: 35.56047439575195; CER: 1.6450855731964111; WER: 1.0; val_loss: 22.808088302612305; val_CER: 1.0; val_WER: 1.0
2024-03-05 13:57:00,411 - root - INFO - Epoch 1; loss: 16.91608428955078; CER: 1.0; WER: 1.0; val_loss: 22.492515563964844; val_CER: 1.0; val_WER: 1.0
2024-03-05 13:57:19,709 - root - INFO - Epoch 2; loss: 16.381866455078125; CER: 1.0; WER: 1.0; val_loss: 19.962556838989258; val_CER: 1.0; val_WER: 1.0
2024-03-05 13:57:38,822 - root - INFO - Epoch 3; loss: 16.312719345092773; CER: 1.0; WER: 1.0; val_loss: 17.870704650878906; val_CER: 1.0; val_WER: 1.0
2024-03-05 13:57:58,030 - root - INFO - Epoch 4; loss: 16.27398109436035; CER: 1.0; WER: 1.0; val_loss: 16.338436126708984; val_CER: 1.0; val_WER: 1.0
2024-03-05 13:58:17,061 - root - INFO - Epoch 5; loss: 16.261638641357422; CER: 1.0; WER: 1.0; val_loss: 16.417720794677734; val_CER: 1.0; val_WER: 1.0
2024-03-05 13:58:36,224 - root - INFO - Epoch 6; loss: 16.245738983154297; CER: 1.0; WER: 1.0; val_loss: 16.831876754760742; val_CER: 1.0; val_WER: 1.0
2024-03-05 13:58:55,373 - root - INFO - Epoch 7; loss: 16.197601318359375; CER: 1.0; WER: 1.0; val_loss: 17.191282272338867; val_CER: 1.0; val_WER: 1.0
2024-03-05 13:59:14,509 - root - INFO - Epoch 8; loss: 16.176115036010742; CER: 1.0; WER: 1.0; val_loss: 17.140165328979492; val_CER: 1.0; val_WER: 1.0
2024-03-05 13:59:33,553 - root - INFO - Epoch 9; loss: 16.118762969970703; CER: 1.0; WER: 1.0; val_loss: 16.842241287231445; val_CER: 1.0; val_WER: 1.0
2024-03-05 13:59:52,695 - root - INFO - Epoch 10; loss: 16.04576873779297; CER: 1.0; WER: 1.0; val_loss: 16.79439353942871; val_CER: 1.0; val_WER: 1.0
2024-03-05 14:00:11,858 - root - INFO - Epoch 11; loss: 15.935479164123535; CER: 1.0; WER: 1.0; val_loss: 16.23622703552246; val_CER: 1.0; val_WER: 1.0
2024-03-05 14:00:31,423 - root - INFO - Epoch 12; loss: 15.810431480407715; CER: 0.9965810775756836; WER: 1.0; val_loss: 15.769519805908203; val_CER: 0.9884615540504456; val_WER: 1.0
2024-03-05 14:00:51,064 - root - INFO - Epoch 13; loss: 15.680370330810547; CER: 0.9844018816947937; WER: 1.0; val_loss: 15.630953788757324; val_CER: 0.9615384340286255; val_WER: 1.0
2024-03-05 14:01:10,936 - root - INFO - Epoch 14; loss: 15.54741382598877; CER: 0.9587607383728027; WER: 1.0; val_loss: 15.411479949951172; val_CER: 0.9403846263885498; val_WER: 1.0
2024-03-05 14:01:30,422 - root - INFO - Epoch 15; loss: 15.430756568908691; CER: 0.9557692408561707; WER: 1.0; val_loss: 15.593276977539062; val_CER: 0.9403846263885498; val_WER: 1.0
2024-03-05 14:01:49,994 - root - INFO - Epoch 16; loss: 15.287188529968262; CER: 0.9628205895423889; WER: 1.0; val_loss: 15.863547325134277; val_CER: 0.9153845906257629; val_WER: 1.0
2024-03-05 14:02:09,780 - root - INFO - Epoch 17; loss: 15.117744445800781; CER: 0.940384566783905; WER: 1.0; val_loss: 15.872986793518066; val_CER: 0.9153845906257629; val_WER: 1.0
2024-03-05 14:02:29,461 - root - INFO - Epoch 18; loss: 14.870686531066895; CER: 0.9337607622146606; WER: 1.0; val_loss: 15.091577529907227; val_CER: 0.9019231200218201; val_WER: 1.0
2024-03-05 14:02:49,004 - root - INFO - Epoch 19; loss: 14.555811882019043; CER: 0.9290598630905151; WER: 1.0; val_loss: 14.431042671203613; val_CER: 0.9230769276618958; val_WER: 1.0
2024-03-05 14:03:08,008 - root - INFO - Epoch 20; loss: 14.34142017364502; CER: 0.9143162965774536; WER: 1.0; val_loss: 14.329008102416992; val_CER: 0.9288461208343506; val_WER: 1.0
2024-03-05 14:03:27,014 - root - INFO - Epoch 21; loss: 14.049280166625977; CER: 0.9190170168876648; WER: 1.0; val_loss: 14.290105819702148; val_CER: 0.9519230723381042; val_WER: 1.0
2024-03-05 14:03:45,914 - root - INFO - Epoch 22; loss: 13.62641429901123; CER: 0.9183760285377502; WER: 1.0; val_loss: 16.562089920043945; val_CER: 0.9692307710647583; val_WER: 1.0
2024-03-05 14:04:04,845 - root - INFO - Epoch 23; loss: 13.309468269348145; CER: 0.9256410002708435; WER: 1.0; val_loss: 18.0872802734375; val_CER: 0.9634615182876587; val_WER: 1.0
2024-03-05 14:04:24,026 - root - INFO - Epoch 24; loss: 12.933125495910645; CER: 0.9104701280593872; WER: 1.0; val_loss: 20.334962844848633; val_CER: 0.9826923608779907; val_WER: 1.0
2024-03-05 14:04:43,090 - root - INFO - Epoch 25; loss: 12.58890438079834; CER: 0.8920940160751343; WER: 1.0; val_loss: 21.239547729492188; val_CER: 0.9884615540504456; val_WER: 1.0
2024-03-05 14:05:02,181 - root - INFO - Epoch 26; loss: 12.137389183044434; CER: 0.8570513129234314; WER: 1.0; val_loss: 21.575969696044922; val_CER: 0.9615384340286255; val_WER: 1.0
2024-03-05 14:05:21,244 - root - INFO - Epoch 27; loss: 11.705004692077637; CER: 0.8147435784339905; WER: 1.0; val_loss: 21.626365661621094; val_CER: 0.942307710647583; val_WER: 1.0
2024-03-05 14:05:40,168 - root - INFO - Epoch 28; loss: 11.289306640625; CER: 0.7692307829856873; WER: 1.0; val_loss: 24.234649658203125; val_CER: 0.9500000476837158; val_WER: 1.0
2024-03-05 14:05:59,421 - root - INFO - Epoch 29; loss: 10.812555313110352; CER: 0.7275641560554504; WER: 1.0; val_loss: 24.867902755737305; val_CER: 0.9538460969924927; val_WER: 1.0
2024-03-05 14:06:18,404 - root - INFO - Epoch 30; loss: 10.296480178833008; CER: 0.7014957666397095; WER: 1.0; val_loss: 27.005842208862305; val_CER: 0.9519230723381042; val_WER: 1.0
2024-03-05 14:06:37,677 - root - INFO - Epoch 31; loss: 9.876605033874512; CER: 0.6455128192901611; WER: 0.997863233089447; val_loss: 26.04290199279785; val_CER: 0.932692289352417; val_WER: 1.0
2024-03-05 14:06:56,281 - root - INFO - Epoch 32; loss: 9.465620040893555; CER: 0.6222221851348877; WER: 0.9989316463470459; val_loss: 29.205341339111328; val_CER: 0.9480769038200378; val_WER: 1.0
2024-03-05 14:07:15,484 - root - INFO - Epoch 33; loss: 9.058782577514648; CER: 0.5886752009391785; WER: 0.995726466178894; val_loss: 30.51160430908203; val_CER: 0.942307710647583; val_WER: 1.0
2024-03-05 14:07:34,885 - root - INFO - Epoch 34; loss: 8.473103523254395; CER: 0.5480769276618958; WER: 0.9914529919624329; val_loss: 30.22044563293457; val_CER: 0.9403846263885498; val_WER: 1.0
2024-03-05 14:07:54,428 - root - INFO - Epoch 35; loss: 7.875467300415039; CER: 0.5002136826515198; WER: 0.9764957427978516; val_loss: 29.46068000793457; val_CER: 0.8903846144676208; val_WER: 1.0
2024-03-05 14:08:14,118 - root - INFO - Epoch 36; loss: 7.534036159515381; CER: 0.47884613275527954; WER: 0.9807692170143127; val_loss: 32.10493469238281; val_CER: 0.932692289352417; val_WER: 1.0
2024-03-05 14:08:33,293 - root - INFO - Epoch 37; loss: 7.0671586990356445; CER: 0.450641006231308; WER: 0.9775640964508057; val_loss: 32.44090270996094; val_CER: 0.9403846263885498; val_WER: 1.0
2024-03-05 14:08:52,448 - root - INFO - Epoch 38; loss: 6.583642959594727; CER: 0.410897433757782; WER: 0.9540598392486572; val_loss: 33.10823059082031; val_CER: 0.9096154570579529; val_WER: 1.0
2024-03-05 14:09:11,884 - root - INFO - Epoch 39; loss: 6.0196356773376465; CER: 0.37072646617889404; WER: 0.9316239356994629; val_loss: 31.957963943481445; val_CER: 0.9038461446762085; val_WER: 1.0
2024-03-05 14:09:31,135 - root - INFO - Epoch 40; loss: 5.751726150512695; CER: 0.35683760046958923; WER: 0.9198718070983887; val_loss: 32.317352294921875; val_CER: 0.8903846144676208; val_WER: 1.0
2024-03-05 14:09:50,840 - root - INFO - Epoch 41; loss: 5.313831806182861; CER: 0.33162400126457214; WER: 0.8931623697280884; val_loss: 31.640581130981445; val_CER: 0.8653846383094788; val_WER: 1.0
2024-03-05 14:10:10,071 - root - INFO - Epoch 42; loss: 4.94896125793457; CER: 0.3061966300010681; WER: 0.8568376302719116; val_loss: 33.938541412353516; val_CER: 0.9153845906257629; val_WER: 1.0
2024-03-05 14:10:29,219 - root - INFO - Epoch 43; loss: 4.580716133117676; CER: 0.28910261392593384; WER: 0.8557692170143127; val_loss: 32.60328674316406; val_CER: 0.875; val_WER: 1.0
2024-03-05 14:10:48,642 - root - INFO - Epoch 44; loss: 4.4548540115356445; CER: 0.2779914438724518; WER: 0.8247863054275513; val_loss: 29.899940490722656; val_CER: 0.857692301273346; val_WER: 1.0
2024-03-05 14:11:07,984 - root - INFO - Epoch 45; loss: 4.039401054382324; CER: 0.2502136528491974; WER: 0.7831196784973145; val_loss: 30.813024520874023; val_CER: 0.8653846383094788; val_WER: 1.0
2024-03-05 14:11:27,417 - root - INFO - Epoch 46; loss: 3.768563985824585; CER: 0.22991453111171722; WER: 0.757478654384613; val_loss: 25.692853927612305; val_CER: 0.8250000476837158; val_WER: 1.0
2024-03-05 14:11:46,880 - root - INFO - Epoch 47; loss: 3.492863655090332; CER: 0.21196579933166504; WER: 0.7232906222343445; val_loss: 24.297876358032227; val_CER: 0.7980769276618958; val_WER: 1.0
2024-03-05 14:12:06,197 - root - INFO - Epoch 48; loss: 3.205751895904541; CER: 0.20320512354373932; WER: 0.6858974099159241; val_loss: 24.583820343017578; val_CER: 0.8057692050933838; val_WER: 1.0
2024-03-05 14:12:25,212 - root - INFO - Epoch 49; loss: 3.102590322494507; CER: 0.1882478892803192; WER: 0.6741452813148499; val_loss: 25.207136154174805; val_CER: 0.8096153736114502; val_WER: 1.0
2024-03-05 14:12:44,655 - root - INFO - Epoch 50; loss: 2.875006914138794; CER: 0.16880342364311218; WER: 0.6217948794364929; val_loss: 21.678829193115234; val_CER: 0.7250000238418579; val_WER: 1.0
2024-03-05 14:13:03,566 - root - INFO - Epoch 51; loss: 2.6703436374664307; CER: 0.1606837660074234; WER: 0.5897436141967773; val_loss: 21.78650665283203; val_CER: 0.7442308068275452; val_WER: 1.0
2024-03-05 14:13:22,965 - root - INFO - Epoch 52; loss: 2.5181996822357178; CER: 0.1487179398536682; WER: 0.561965823173523; val_loss: 16.84617805480957; val_CER: 0.692307710647583; val_WER: 1.0
2024-03-05 14:13:42,398 - root - INFO - Epoch 53; loss: 2.3339695930480957; CER: 0.1408119648694992; WER: 0.5534188151359558; val_loss: 20.56293487548828; val_CER: 0.7230769395828247; val_WER: 1.0
2024-03-05 14:14:01,406 - root - INFO - Epoch 54; loss: 2.1756680011749268; CER: 0.12307693064212799; WER: 0.497863233089447; val_loss: 17.402992248535156; val_CER: 0.7000000476837158; val_WER: 1.0
2024-03-05 14:14:20,855 - root - INFO - Epoch 55; loss: 2.042443037033081; CER: 0.1200854629278183; WER: 0.4722222089767456; val_loss: 13.751099586486816; val_CER: 0.6326923370361328; val_WER: 1.0
2024-03-05 14:14:40,344 - root - INFO - Epoch 56; loss: 1.8801053762435913; CER: 0.10982906073331833; WER: 0.4412393271923065; val_loss: 10.686198234558105; val_CER: 0.5134615302085876; val_WER: 1.0
2024-03-05 14:15:00,148 - root - INFO - Epoch 57; loss: 1.8971748352050781; CER: 0.1160256490111351; WER: 0.4540598392486572; val_loss: 9.960612297058105; val_CER: 0.4923076629638672; val_WER: 0.9903846383094788
2024-03-05 14:15:18,819 - root - INFO - Epoch 58; loss: 1.6910982131958008; CER: 0.09764958173036575; WER: 0.41025641560554504; val_loss: 9.031431198120117; val_CER: 0.4673076868057251; val_WER: 1.0
2024-03-05 14:15:38,749 - root - INFO - Epoch 59; loss: 1.6096771955490112; CER: 0.09145297855138779; WER: 0.3782051205635071; val_loss: 5.693009853363037; val_CER: 0.33269229531288147; val_WER: 0.875
2024-03-05 14:15:58,009 - root - INFO - Epoch 60; loss: 1.5343024730682373; CER: 0.0912393108010292; WER: 0.3782051205635071; val_loss: 7.908695697784424; val_CER: 0.4384615123271942; val_WER: 1.0
2024-03-05 14:16:17,135 - root - INFO - Epoch 61; loss: 1.4482775926589966; CER: 0.0833333283662796; WER: 0.35470086336135864; val_loss: 10.8602933883667; val_CER: 0.5249999761581421; val_WER: 1.0
2024-03-05 14:16:36,241 - root - INFO - Epoch 62; loss: 1.3357652425765991; CER: 0.07521367073059082; WER: 0.32692307233810425; val_loss: 6.77363920211792; val_CER: 0.35576921701431274; val_WER: 0.9230769276618958
2024-03-05 14:16:56,197 - root - INFO - Epoch 63; loss: 1.2943944931030273; CER: 0.07628204673528671; WER: 0.32371795177459717; val_loss: 4.239538192749023; val_CER: 0.23461540043354034; val_WER: 0.7788461446762085
2024-03-05 14:17:16,478 - root - INFO - Epoch 64; loss: 1.2343906164169312; CER: 0.07072649151086807; WER: 0.3066239356994629; val_loss: 3.556351900100708; val_CER: 0.2230769246816635; val_WER: 0.7403846383094788
2024-03-05 14:17:36,200 - root - INFO - Epoch 65; loss: 1.2117283344268799; CER: 0.0683760717511177; WER: 0.30128204822540283; val_loss: 2.8380308151245117; val_CER: 0.17692306637763977; val_WER: 0.6730769276618958
2024-03-05 14:17:55,688 - root - INFO - Epoch 66; loss: 1.1437203884124756; CER: 0.06196581944823265; WER: 0.28205129504203796; val_loss: 4.576869964599609; val_CER: 0.2557692229747772; val_WER: 0.817307710647583
2024-03-05 14:18:14,833 - root - INFO - Epoch 67; loss: 1.0663872957229614; CER: 0.0615384615957737; WER: 0.27243590354919434; val_loss: 3.6628692150115967; val_CER: 0.22692307829856873; val_WER: 0.7788461446762085
2024-03-05 14:18:33,976 - root - INFO - Epoch 68; loss: 1.063190221786499; CER: 0.05683760717511177; WER: 0.25534188747406006; val_loss: 3.618506669998169; val_CER: 0.20384615659713745; val_WER: 0.75
2024-03-05 14:18:53,161 - root - INFO - Epoch 69; loss: 0.937462329864502; CER: 0.05042735114693642; WER: 0.23076923191547394; val_loss: 3.6662285327911377; val_CER: 0.19807693362236023; val_WER: 0.7403846383094788
2024-03-05 14:19:12,655 - root - INFO - Epoch 70; loss: 0.8868992328643799; CER: 0.05128205567598343; WER: 0.23290598392486572; val_loss: 2.7459654808044434; val_CER: 0.16730770468711853; val_WER: 0.5961538553237915
2024-03-05 14:19:32,091 - root - INFO - Epoch 71; loss: 0.9019927978515625; CER: 0.0525640994310379; WER: 0.2350427359342575; val_loss: 2.788933038711548; val_CER: 0.16538462042808533; val_WER: 0.625
2024-03-05 14:19:51,992 - root - INFO - Epoch 72; loss: 0.8447561860084534; CER: 0.04615384340286255; WER: 0.21474358439445496; val_loss: 1.4042128324508667; val_CER: 0.08846153318881989; val_WER: 0.38461539149284363
2024-03-05 14:20:11,184 - root - INFO - Epoch 73; loss: 0.7743293046951294; CER: 0.04123931750655174; WER: 0.19017094373703003; val_loss: 1.7375117540359497; val_CER: 0.10000000894069672; val_WER: 0.4326923191547394
2024-03-05 14:20:30,501 - root - INFO - Epoch 74; loss: 0.7647039294242859; CER: 0.0446581169962883; WER: 0.2104700803756714; val_loss: 1.1042840480804443; val_CER: 0.0634615421295166; val_WER: 0.2788461446762085
2024-03-05 14:20:49,732 - root - INFO - Epoch 75; loss: 0.7133150100708008; CER: 0.03611110895872116; WER: 0.17307692766189575; val_loss: 1.7383852005004883; val_CER: 0.10576923191547394; val_WER: 0.4711538553237915
2024-03-05 14:21:08,714 - root - INFO - Epoch 76; loss: 0.6840963959693909; CER: 0.03632478788495064; WER: 0.15918803215026855; val_loss: 1.6505610942840576; val_CER: 0.0942307710647583; val_WER: 0.4134615361690521
2024-03-05 14:21:28,358 - root - INFO - Epoch 77; loss: 0.7233888506889343; CER: 0.04337606579065323; WER: 0.1933760643005371; val_loss: 0.9976000785827637; val_CER: 0.05576923117041588; val_WER: 0.25961539149284363
2024-03-05 14:21:46,750 - root - INFO - Epoch 78; loss: 0.6567783951759338; CER: 0.036752138286828995; WER: 0.16239316761493683; val_loss: 0.8825775384902954; val_CER: 0.0615384615957737; val_WER: 0.2788461446762085
2024-03-05 14:22:05,790 - root - INFO - Epoch 79; loss: 0.6091985702514648; CER: 0.03247863054275513; WER: 0.15811966359615326; val_loss: 1.267614483833313; val_CER: 0.06538461893796921; val_WER: 0.26923078298568726
2024-03-05 14:22:24,868 - root - INFO - Epoch 80; loss: 0.5972942113876343; CER: 0.03183760493993759; WER: 0.14636752009391785; val_loss: 1.4837404489517212; val_CER: 0.07692307978868484; val_WER: 0.32692307233810425
2024-03-05 14:22:43,944 - root - INFO - Epoch 81; loss: 0.5535827875137329; CER: 0.03183760493993759; WER: 0.14850427210330963; val_loss: 1.082169771194458; val_CER: 0.057692307978868484; val_WER: 0.26923078298568726
2024-03-05 14:23:03,152 - root - INFO - Epoch 82; loss: 0.5829689502716064; CER: 0.03226495534181595; WER: 0.1538461595773697; val_loss: 1.0969465970993042; val_CER: 0.0615384615957737; val_WER: 0.26923078298568726
2024-03-05 14:23:22,432 - root - INFO - Epoch 83; loss: 0.5653840899467468; CER: 0.03247863054275513; WER: 0.14743590354919434; val_loss: 1.2542201280593872; val_CER: 0.07307691872119904; val_WER: 0.32692307233810425
2024-03-05 14:23:42,151 - root - INFO - Epoch 84; loss: 0.48295313119888306; CER: 0.027564100921154022; WER: 0.12393162399530411; val_loss: 0.9342533349990845; val_CER: 0.05384615436196327; val_WER: 0.25961539149284363
2024-03-05 14:24:02,210 - root - INFO - Epoch 85; loss: 0.4645792245864868; CER: 0.02350427396595478; WER: 0.11004273593425751; val_loss: 0.8027987480163574; val_CER: 0.04423076659440994; val_WER: 0.2211538404226303
2024-03-05 14:24:21,619 - root - INFO - Epoch 86; loss: 0.4842667877674103; CER: 0.023076925426721573; WER: 0.1111111119389534; val_loss: 0.6839159727096558; val_CER: 0.04423077404499054; val_WER: 0.21153846383094788
2024-03-05 14:24:41,048 - root - INFO - Epoch 87; loss: 0.47073474526405334; CER: 0.024786327034235; WER: 0.11645299196243286; val_loss: 1.1155472993850708; val_CER: 0.05384615436196327; val_WER: 0.24038460850715637
2024-03-05 14:25:00,511 - root - INFO - Epoch 88; loss: 0.45387011766433716; CER: 0.023931626230478287; WER: 0.11538461595773697; val_loss: 0.8505122065544128; val_CER: 0.04615384712815285; val_WER: 0.23076923191547394
2024-03-05 14:25:19,889 - root - INFO - Epoch 89; loss: 0.42543739080429077; CER: 0.02094017155468464; WER: 0.10149572789669037; val_loss: 0.8102318644523621; val_CER: 0.04423077404499054; val_WER: 0.2211538404226303
2024-03-05 14:25:40,022 - root - INFO - Epoch 90; loss: 0.3665176033973694; CER: 0.017094017937779427; WER: 0.08012820780277252; val_loss: 0.7317512035369873; val_CER: 0.0307692289352417; val_WER: 0.14423076808452606
2024-03-05 14:25:59,842 - root - INFO - Epoch 91; loss: 0.37487733364105225; CER: 0.018803419545292854; WER: 0.09188034385442734; val_loss: 0.6678584218025208; val_CER: 0.04038461297750473; val_WER: 0.20192307233810425
2024-03-05 14:26:18,832 - root - INFO - Epoch 92; loss: 0.34543782472610474; CER: 0.017948715016245842; WER: 0.08760683983564377; val_loss: 0.7804273366928101; val_CER: 0.032692305743694305; val_WER: 0.16346153616905212
2024-03-05 14:26:38,079 - root - INFO - Epoch 93; loss: 0.31231528520584106; CER: 0.015598290599882603; WER: 0.07585470378398895; val_loss: 0.6779400706291199; val_CER: 0.02499999850988388; val_WER: 0.125
2024-03-05 14:26:57,145 - root - INFO - Epoch 94; loss: 0.34625518321990967; CER: 0.01923076994717121; WER: 0.09294871985912323; val_loss: 0.5843406915664673; val_CER: 0.032692309468984604; val_WER: 0.16346153616905212
2024-03-05 14:27:16,345 - root - INFO - Epoch 95; loss: 0.3402775526046753; CER: 0.01944444328546524; WER: 0.09294871985912323; val_loss: 0.5536488890647888; val_CER: 0.02499999850988388; val_WER: 0.125
2024-03-05 14:27:35,569 - root - INFO - Epoch 96; loss: 0.32931846380233765; CER: 0.018803419545292854; WER: 0.09188034385442734; val_loss: 0.6557282209396362; val_CER: 0.032692309468984604; val_WER: 0.16346153616905212
2024-03-05 14:27:54,744 - root - INFO - Epoch 97; loss: 0.3081745207309723; CER: 0.016880342736840248; WER: 0.0822649598121643; val_loss: 0.7447100877761841; val_CER: 0.032692309468984604; val_WER: 0.16346153616905212
2024-03-05 14:28:13,608 - root - INFO - Epoch 98; loss: 0.3531739413738251; CER: 0.01965811848640442; WER: 0.09508547186851501; val_loss: 0.6595183610916138; val_CER: 0.03076923079788685; val_WER: 0.14423076808452606
2024-03-05 14:28:32,485 - root - INFO - Epoch 99; loss: 0.3112426698207855; CER: 0.01452991459518671; WER: 0.07051282376050949; val_loss: 0.6086902022361755; val_CER: 0.02499999850988388; val_WER: 0.125
2024-03-05 14:28:51,949 - root - INFO - Epoch 100; loss: 0.34150421619415283; CER: 0.02094017155468464; WER: 0.10363247990608215; val_loss: 0.47750601172447205; val_CER: 0.021153846755623817; val_WER: 0.10576923191547394
2024-03-05 14:29:11,632 - root - INFO - Epoch 101; loss: 0.35486796498298645; CER: 0.020085470750927925; WER: 0.09829059988260269; val_loss: 0.43929025530815125; val_CER: 0.013461539521813393; val_WER: 0.06730769574642181
2024-03-05 14:29:30,658 - root - INFO - Epoch 102; loss: 0.29906490445137024; CER: 0.016025643795728683; WER: 0.07799145579338074; val_loss: 0.5324785709381104; val_CER: 0.021153846755623817; val_WER: 0.10576923191547394
2024-03-05 14:29:49,646 - root - INFO - Epoch 103; loss: 0.288015753030777; CER: 0.016025640070438385; WER: 0.07692307978868484; val_loss: 0.5871070027351379; val_CER: 0.02499999850988388; val_WER: 0.125
2024-03-05 14:30:08,783 - root - INFO - Epoch 104; loss: 0.2520633041858673; CER: 0.014102563261985779; WER: 0.0683760717511177; val_loss: 0.6014189720153809; val_CER: 0.032692309468984604; val_WER: 0.16346153616905212
2024-03-05 14:30:28,013 - root - INFO - Epoch 105; loss: 0.29480740427970886; CER: 0.015811966732144356; WER: 0.07585470378398895; val_loss: 0.6474179625511169; val_CER: 0.023076923564076424; val_WER: 0.11538461595773697
2024-03-05 14:30:47,332 - root - INFO - Epoch 106; loss: 0.2728694975376129; CER: 0.013247862458229065; WER: 0.06410256773233414; val_loss: 0.6966106295585632; val_CER: 0.021153846755623817; val_WER: 0.10576923191547394
2024-03-05 14:31:06,550 - root - INFO - Epoch 107; loss: 0.2436864823102951; CER: 0.012606838718056679; WER: 0.06089743599295616; val_loss: 0.6039124131202698; val_CER: 0.026923079043626785; val_WER: 0.13461539149284363
2024-03-05 14:31:25,793 - root - INFO - Epoch 108; loss: 0.2472216784954071; CER: 0.013675213791429996; WER: 0.06730769574642181; val_loss: 0.5887006521224976; val_CER: 0.021153846755623817; val_WER: 0.10576923191547394
2024-03-05 14:31:45,230 - root - INFO - Epoch 109; loss: 0.2371319830417633; CER: 0.01260683685541153; WER: 0.061965811997652054; val_loss: 0.612352192401886; val_CER: 0.021153846755623817; val_WER: 0.10576923191547394
2024-03-05 14:32:04,685 - root - INFO - Epoch 110; loss: 0.22256119549274445; CER: 0.011111111380159855; WER: 0.05448717996478081; val_loss: 0.6104781627655029; val_CER: 0.023076923564076424; val_WER: 0.11538461595773697
2024-03-05 14:32:24,161 - root - INFO - Epoch 111; loss: 0.21689774096012115; CER: 0.009829061105847359; WER: 0.04700854793190956; val_loss: 0.6795868277549744; val_CER: 0.021153846755623817; val_WER: 0.10576923191547394
2024-03-05 14:32:42,990 - root - INFO - Epoch 112; loss: 0.24028506875038147; CER: 0.01175213884562254; WER: 0.0555555559694767; val_loss: 0.7364674210548401; val_CER: 0.02500000223517418; val_WER: 0.125
2024-03-05 14:33:02,171 - root - INFO - Epoch 113; loss: 0.22261418402194977; CER: 0.011324785649776459; WER: 0.0555555559694767; val_loss: 0.607126772403717; val_CER: 0.02499999850988388; val_WER: 0.125
2024-03-05 14:33:21,109 - root - INFO - Epoch 114; loss: 0.18530800938606262; CER: 0.00982905924320221; WER: 0.049145299941301346; val_loss: 0.6485235691070557; val_CER: 0.023076923564076424; val_WER: 0.11538461595773697
2024-03-05 14:33:40,186 - root - INFO - Epoch 115; loss: 0.19662164151668549; CER: 0.009401709772646427; WER: 0.04594017192721367; val_loss: 0.6244562268257141; val_CER: 0.026923079043626785; val_WER: 0.13461539149284363
2024-03-05 14:33:59,380 - root - INFO - Epoch 116; loss: 0.2353326827287674; CER: 0.012393162585794926; WER: 0.06089743599295616; val_loss: 0.6203874945640564; val_CER: 0.023076923564076424; val_WER: 0.11538461595773697
2024-03-05 14:34:18,448 - root - INFO - Epoch 117; loss: 0.22528906166553497; CER: 0.013247864320874214; WER: 0.06623931974172592; val_loss: 0.5959610939025879; val_CER: 0.021153846755623817; val_WER: 0.10576923191547394
2024-03-05 14:34:37,583 - root - INFO - Epoch 118; loss: 0.20387695729732513; CER: 0.011965813115239143; WER: 0.057692307978868484; val_loss: 0.6605725884437561; val_CER: 0.021153846755623817; val_WER: 0.10576923191547394
2024-03-05 14:34:56,401 - root - INFO - Epoch 119; loss: 0.20261825621128082; CER: 0.011538460850715637; WER: 0.05662393197417259; val_loss: 0.6377193331718445; val_CER: 0.017307691276073456; val_WER: 0.08653846383094788
2024-03-05 14:35:15,571 - root - INFO - Epoch 120; loss: 0.16640019416809082; CER: 0.008119659498333931; WER: 0.04059829190373421; val_loss: 0.5357211232185364; val_CER: 0.017307691276073456; val_WER: 0.08653846383094788
2024-03-05 14:35:34,556 - root - INFO - Epoch 121; loss: 0.16889052093029022; CER: 0.008974358439445496; WER: 0.04273504391312599; val_loss: 0.7011957764625549; val_CER: 0.02499999850988388; val_WER: 0.125
2024-03-05 14:35:53,457 - root - INFO - Epoch 122; loss: 0.20159046351909637; CER: 0.011538461782038212; WER: 0.05662393197417259; val_loss: 0.5642935037612915; val_CER: 0.023076923564076424; val_WER: 0.11538461595773697
2024-03-05 14:36:12,657 - root - INFO - Epoch 123; loss: 0.1731208860874176; CER: 0.009401709772646427; WER: 0.04594017192721367; val_loss: 0.6730825901031494; val_CER: 0.01923076994717121; val_WER: 0.09615384787321091
2024-03-05 14:36:31,692 - root - INFO - Epoch 124; loss: 0.15318021178245544; CER: 0.008333333767950535; WER: 0.04059829190373421; val_loss: 0.6600527167320251; val_CER: 0.02500000223517418; val_WER: 0.125
2024-03-05 14:36:50,719 - root - INFO - Epoch 125; loss: 0.1411949247121811; CER: 0.007692308630794287; WER: 0.03846153989434242; val_loss: 0.6382008194923401; val_CER: 0.023076923564076424; val_WER: 0.11538461595773697
2024-03-05 14:37:09,774 - root - INFO - Epoch 126; loss: 0.16934485733509064; CER: 0.00833333283662796; WER: 0.04059829190373421; val_loss: 0.7314251661300659; val_CER: 0.023076923564076424; val_WER: 0.11538461595773697
2024-03-05 14:37:29,186 - root - INFO - Epoch 127; loss: 0.15795084834098816; CER: 0.008974358439445496; WER: 0.044871795922517776; val_loss: 0.6166133284568787; val_CER: 0.01923076994717121; val_WER: 0.09615384787321091
2024-03-05 14:37:48,445 - root - INFO - Epoch 128; loss: 0.14633269608020782; CER: 0.0061965808272361755; WER: 0.029914529994130135; val_loss: 0.519537091255188; val_CER: 0.01923076994717121; val_WER: 0.09615384787321091
2024-03-05 14:38:07,840 - root - INFO - Epoch 129; loss: 0.12782777845859528; CER: 0.005982906091958284; WER: 0.028846153989434242; val_loss: 0.5235819220542908; val_CER: 0.017307693138718605; val_WER: 0.08653846383094788
2024-03-05 14:38:27,048 - root - INFO - Epoch 130; loss: 0.17610293626785278; CER: 0.011111109517514706; WER: 0.0555555559694767; val_loss: 0.4573840796947479; val_CER: 0.021153846755623817; val_WER: 0.10576923191547394
2024-03-05 14:38:46,417 - root - INFO - Epoch 131; loss: 0.17021673917770386; CER: 0.007478632964193821; WER: 0.03739316388964653; val_loss: 0.6778861880302429; val_CER: 0.026923077180981636; val_WER: 0.13461539149284363
2024-03-05 14:39:05,946 - root - INFO - Epoch 132; loss: 0.16424961388111115; CER: 0.009401709772646427; WER: 0.04700854793190956; val_loss: 0.6039005517959595; val_CER: 0.017307691276073456; val_WER: 0.08653846383094788
2024-03-05 14:39:25,385 - root - INFO - Epoch 133; loss: 0.17570196092128754; CER: 0.010683761909604073; WER: 0.05235042795538902; val_loss: 0.6775641441345215; val_CER: 0.01923076994717121; val_WER: 0.09615384787321091
2024-03-05 14:39:44,400 - root - INFO - Epoch 134; loss: 0.15046918392181396; CER: 0.008760684169828892; WER: 0.043803419917821884; val_loss: 0.711215615272522; val_CER: 0.021153846755623817; val_WER: 0.10576923191547394
2024-03-05 14:40:03,457 - root - INFO - Epoch 135; loss: 0.1301027238368988; CER: 0.006837606895714998; WER: 0.03418803587555885; val_loss: 0.6684399247169495; val_CER: 0.021153846755623817; val_WER: 0.10576923191547394
2024-03-05 14:40:22,450 - root - INFO - Epoch 136; loss: 0.14313946664333344; CER: 0.0068376073613762856; WER: 0.03311965987086296; val_loss: 0.6662952303886414; val_CER: 0.023076923564076424; val_WER: 0.11538461595773697
2024-03-05 14:40:41,575 - root - INFO - Epoch 137; loss: 0.1673431396484375; CER: 0.008974358439445496; WER: 0.043803419917821884; val_loss: 0.6502240896224976; val_CER: 0.017307693138718605; val_WER: 0.08653846383094788
2024-03-05 14:41:00,714 - root - INFO - Epoch 138; loss: 0.13294579088687897; CER: 0.006837606430053711; WER: 0.03418803587555885; val_loss: 0.7309777140617371; val_CER: 0.023076923564076424; val_WER: 0.11538461595773697
2024-03-05 14:41:19,363 - root - INFO - Epoch 139; loss: 0.145895853638649; CER: 0.009615384973585606; WER: 0.048076923936605453; val_loss: 0.7386493682861328; val_CER: 0.023076923564076424; val_WER: 0.11538461595773697
2024-03-05 14:41:38,497 - root - INFO - Epoch 140; loss: 0.13598741590976715; CER: 0.006837606430053711; WER: 0.03311965987086296; val_loss: 0.8002485036849976; val_CER: 0.021153846755623817; val_WER: 0.10576923191547394
2024-03-05 14:41:57,399 - root - INFO - Epoch 141; loss: 0.12489096820354462; CER: 0.006410256493836641; WER: 0.03205128386616707; val_loss: 0.6375243663787842; val_CER: 0.021153846755623817; val_WER: 0.10576923191547394
2024-03-05 14:41:59,387 - tf2onnx.tfonnx - INFO - Using tensorflow=2.10.0, onnx=1.12.0, tf2onnx=1.14.0/8f8d49
2024-03-05 14:41:59,387 - tf2onnx.tfonnx - INFO - Using opset <onnx, 15>
2024-03-05 14:41:59,502 - tf2onnx.tf_utils - INFO - Computed 0 values for constant folding
2024-03-05 14:41:59,509 - tf2onnx.tf_utils - INFO - Computed 0 values for constant folding
2024-03-05 14:41:59,512 - tf2onnx.tf_utils - INFO - Computed 0 values for constant folding
2024-03-05 14:41:59,518 - tf2onnx.tf_utils - INFO - Computed 0 values for constant folding
2024-03-05 14:41:59,559 - tf2onnx.tf_utils - INFO - Computed 2 values for constant folding
2024-03-05 14:41:59,658 - tf2onnx.tfonnx - INFO - folding node using tf type=StridedSlice, name=model/bidirectional/forward_lstm/PartitionedCall/strided_slice
2024-03-05 14:41:59,658 - tf2onnx.tfonnx - INFO - folding node using tf type=StridedSlice, name=model/bidirectional/backward_lstm/PartitionedCall/strided_slice
2024-03-05 14:41:59,860 - tf2onnx.optimizer - INFO - Optimizing ONNX model
2024-03-05 14:42:00,649 - tf2onnx.optimizer - INFO - After optimization: BatchNormalization -18 (18->0), Cast -4 (11->7), Concat -4 (10->6), Const -128 (194->66), Expand -3 (4->1), Gather +2 (2->4), Identity -2 (2->0), Shape -1 (4->3), Slice -1 (5->4), Squeeze -3 (5->2), Transpose -83 (87->4), Unsqueeze -14 (17->3)
