2024-03-07 10:20:15,844 - root - INFO - Epoch 0; loss: 22.49626350402832; CER: 1.0653377771377563; WER: 1.0; val_loss: 19.660888671875; val_CER: 1.0; val_WER: 1.0
2024-03-07 10:24:11,299 - root - INFO - Epoch 1; loss: 19.583770751953125; CER: 1.0; WER: 1.0; val_loss: 19.565107345581055; val_CER: 1.0; val_WER: 1.0
2024-03-07 10:28:04,434 - root - INFO - Epoch 2; loss: 19.462862014770508; CER: 0.9988543391227722; WER: 1.0; val_loss: 19.46818733215332; val_CER: 1.0; val_WER: 1.0
2024-03-07 10:32:03,508 - root - INFO - Epoch 3; loss: 18.704071044921875; CER: 0.974551796913147; WER: 1.0; val_loss: 22.257165908813477; val_CER: 0.970992386341095; val_WER: 1.0
2024-03-07 10:35:56,995 - root - INFO - Epoch 4; loss: 15.889261245727539; CER: 0.8868623971939087; WER: 1.0; val_loss: 24.685697555541992; val_CER: 0.948854923248291; val_WER: 1.0
2024-03-07 10:39:51,845 - root - INFO - Epoch 5; loss: 10.724068641662598; CER: 0.6510442495346069; WER: 0.9932138919830322; val_loss: 12.67612075805664; val_CER: 0.6893129348754883; val_WER: 0.9980915784835815
2024-03-07 10:43:51,550 - root - INFO - Epoch 6; loss: 6.425936222076416; CER: 0.40570467710494995; WER: 0.9210051894187927; val_loss: 13.08582592010498; val_CER: 0.7280535101890564; val_WER: 0.9933205842971802
2024-03-07 10:47:46,612 - root - INFO - Epoch 7; loss: 4.104343414306641; CER: 0.2543102204799652; WER: 0.7685292959213257; val_loss: 7.0838398933410645; val_CER: 0.4007633626461029; val_WER: 0.9017175436019897
2024-03-07 10:51:41,890 - root - INFO - Epoch 8; loss: 2.764859199523926; CER: 0.16725687682628632; WER: 0.5965433120727539; val_loss: 29.71486473083496; val_CER: 0.8660305142402649; val_WER: 1.0
2024-03-07 10:55:38,924 - root - INFO - Epoch 9; loss: 2.121650457382202; CER: 0.12613719701766968; WER: 0.48775315284729004; val_loss: 1.4023241996765137; val_CER: 0.07633587718009949; val_WER: 0.3187022805213928
2024-03-07 10:59:37,715 - root - INFO - Epoch 10; loss: 1.7080800533294678; CER: 0.09882300347089767; WER: 0.402926504611969; val_loss: 2.515434741973877; val_CER: 0.14351145923137665; val_WER: 0.46755725145339966
2024-03-07 11:03:59,144 - root - INFO - Epoch 11; loss: 1.3776429891586304; CER: 0.07848581671714783; WER: 0.3313540518283844; val_loss: 0.7140213847160339; val_CER: 0.037977103143930435; val_WER: 0.1650763303041458
2024-03-07 11:09:10,014 - root - INFO - Epoch 12; loss: 1.1548845767974854; CER: 0.06690701842308044; WER: 0.2890467643737793; val_loss: 6.583035945892334; val_CER: 0.3013359010219574; val_WER: 0.7824427485466003
2024-03-07 11:14:18,289 - root - INFO - Epoch 13; loss: 0.9904956817626953; CER: 0.055879540741443634; WER: 0.24992047250270844; val_loss: 2.7619500160217285; val_CER: 0.13854961097240448; val_WER: 0.4828244149684906
2024-03-07 11:19:26,972 - root - INFO - Epoch 14; loss: 0.9116793870925903; CER: 0.05134131759405136; WER: 0.22903192043304443; val_loss: 3.150869131088257; val_CER: 0.1364503800868988; val_WER: 0.36832061409950256
2024-03-07 11:23:46,520 - root - INFO - Epoch 15; loss: 0.82811439037323; CER: 0.04665464535355568; WER: 0.20729508996009827; val_loss: 27.036052703857422; val_CER: 0.7603053450584412; val_WER: 1.0
2024-03-07 11:28:12,372 - root - INFO - Epoch 16; loss: 0.7440345883369446; CER: 0.04205279052257538; WER: 0.19266249239444733; val_loss: 0.5407531261444092; val_CER: 0.029961828142404556; val_WER: 0.13454198837280273
2024-03-07 11:32:39,016 - root - INFO - Epoch 17; loss: 0.673875093460083; CER: 0.0378962978720665; WER: 0.17325840890407562; val_loss: 0.9044243097305298; val_CER: 0.04141221567988396; val_WER: 0.1650763303041458
2024-03-07 11:36:40,138 - root - INFO - Epoch 18; loss: 0.6546040773391724; CER: 0.03696320205926895; WER: 0.1701834350824356; val_loss: 0.5043866634368896; val_CER: 0.02385496161878109; val_WER: 0.1078244298696518
2024-03-07 11:40:52,320 - root - INFO - Epoch 19; loss: 0.6031286716461182; CER: 0.033824622631073; WER: 0.15661117434501648; val_loss: 0.709565281867981; val_CER: 0.031106868758797646; val_WER: 0.12404580414295197
2024-03-07 11:45:14,164 - root - INFO - Epoch 20; loss: 0.5621213316917419; CER: 0.03144948557019234; WER: 0.14547768235206604; val_loss: 0.47907596826553345; val_CER: 0.023091603070497513; val_WER: 0.10400763154029846
2024-03-07 11:49:31,295 - root - INFO - Epoch 21; loss: 0.5127015113830566; CER: 0.029116744175553322; WER: 0.13519245386123657; val_loss: 0.3831963837146759; val_CER: 0.021564887836575508; val_WER: 0.0963740423321724
2024-03-07 11:53:46,252 - root - INFO - Epoch 22; loss: 0.45939600467681885; CER: 0.026593143120408058; WER: 0.12490721791982651; val_loss: 0.7240630388259888; val_CER: 0.032824430614709854; val_WER: 0.1364503800868988
2024-03-07 11:57:58,619 - root - INFO - Epoch 23; loss: 0.44381988048553467; CER: 0.02536315843462944; WER: 0.11896935850381851; val_loss: 0.5234132409095764; val_CER: 0.02729007788002491; val_WER: 0.11450381577014923
2024-03-07 12:02:06,598 - root - INFO - Epoch 24; loss: 0.4328438341617584; CER: 0.02468455396592617; WER: 0.1158943921327591; val_loss: 11.127391815185547; val_CER: 0.3916030526161194; val_WER: 0.8072519302368164
2024-03-07 12:05:34,880 - root - INFO - Epoch 25; loss: 0.4043751657009125; CER: 0.022712327539920807; WER: 0.10719966143369675; val_loss: 1.0345813035964966; val_CER: 0.047519076615571976; val_WER: 0.17652671039104462
2024-03-07 12:09:02,521 - root - INFO - Epoch 26; loss: 0.39391347765922546; CER: 0.021885273978114128; WER: 0.10401865839958191; val_loss: 6.410490989685059; val_CER: 0.22385498881340027; val_WER: 0.4408397078514099
2024-03-07 12:12:23,666 - root - INFO - Epoch 27; loss: 0.3943955600261688; CER: 0.02288198471069336; WER: 0.10825999081134796; val_loss: 1.1407172679901123; val_CER: 0.05133587867021561; val_WER: 0.18129770457744598
2024-03-07 12:15:44,775 - root - INFO - Epoch 28; loss: 0.36366283893585205; CER: 0.020782534033060074; WER: 0.09829286485910416; val_loss: 0.261552095413208; val_CER: 0.01488549541682005; val_WER: 0.06965649127960205
2024-03-07 12:19:05,938 - root - INFO - Epoch 29; loss: 0.35932663083076477; CER: 0.020612869411706924; WER: 0.09818682819604874; val_loss: 27.282480239868164; val_CER: 0.7309160232543945; val_WER: 0.9961832165718079
2024-03-07 12:22:23,775 - root - INFO - Epoch 30; loss: 0.3337571620941162; CER: 0.01929805986583233; WER: 0.09267310053110123; val_loss: 2.3659470081329346; val_CER: 0.09751907736063004; val_WER: 0.3291984796524048
2024-03-07 12:25:38,086 - root - INFO - Epoch 31; loss: 0.3160106837749481; CER: 0.018831513822078705; WER: 0.08928003162145615; val_loss: 1.6670851707458496; val_CER: 0.07805344462394714; val_WER: 0.25381678342819214
2024-03-07 12:28:53,812 - root - INFO - Epoch 32; loss: 0.29709500074386597; CER: 0.01762273535132408; WER: 0.08313010632991791; val_loss: 0.31280967593193054; val_CER: 0.013358778320252895; val_WER: 0.05916030704975128
2024-03-07 12:32:10,956 - root - INFO - Epoch 33; loss: 0.29023846983909607; CER: 0.016838084906339645; WER: 0.0805853009223938; val_loss: 0.7349414825439453; val_CER: 0.0370229035615921; val_WER: 0.1564885526895523
2024-03-07 12:35:31,960 - root - INFO - Epoch 34; loss: 0.31057047843933105; CER: 0.018619442358613014; WER: 0.0890679657459259; val_loss: 1.24178147315979; val_CER: 0.05229007452726364; val_WER: 0.19751907885074615
2024-03-07 12:38:54,572 - root - INFO - Epoch 35; loss: 0.2867434620857239; CER: 0.01605343632400036; WER: 0.07772240787744522; val_loss: 30.764305114746094; val_CER: 0.7841602563858032; val_WER: 0.9990457892417908
2024-03-07 12:42:22,226 - root - INFO - Epoch 36; loss: 0.28118252754211426; CER: 0.016583608463406563; WER: 0.07931290566921234; val_loss: 0.5685611367225647; val_CER: 0.025190841406583786; val_WER: 0.11545801162719727
2024-03-07 12:46:16,208 - root - INFO - Epoch 37; loss: 0.271270215511322; CER: 0.0155232734978199; WER: 0.07443537563085556; val_loss: 44.30635452270508; val_CER: 0.8841603398323059; val_WER: 1.0
2024-03-07 12:50:42,144 - root - INFO - Epoch 38; loss: 0.26696425676345825; CER: 0.015756547451019287; WER: 0.07496553659439087; val_loss: 1.3994839191436768; val_CER: 0.056106872856616974; val_WER: 0.2156488597393036
2024-03-07 12:54:21,285 - root - INFO - Epoch 39; loss: 0.265553742647171; CER: 0.015226383693516254; WER: 0.07390520721673965; val_loss: 0.7245864272117615; val_CER: 0.02500000037252903; val_WER: 0.09446565061807632
2024-03-07 12:58:04,912 - root - INFO - Epoch 40; loss: 0.2220945507287979; CER: 0.012851236388087273; WER: 0.06149931252002716; val_loss: 0.8119381070137024; val_CER: 0.03301526978611946; val_WER: 0.1307251900434494
2024-03-07 13:01:44,811 - root - INFO - Epoch 41; loss: 0.23870950937271118; CER: 0.014208461157977581; WER: 0.06807337701320648; val_loss: 3.450662136077881; val_CER: 0.1280534267425537; val_WER: 0.34828245639801025
2024-03-07 13:05:30,093 - root - INFO - Epoch 42; loss: 0.2509009540081024; CER: 0.014505356550216675; WER: 0.07061817497015; val_loss: 11.471489906311035; val_CER: 0.4024809002876282; val_WER: 0.8740457892417908
2024-03-07 13:09:08,430 - root - INFO - Epoch 43; loss: 0.21145670115947723; CER: 0.012660372070968151; WER: 0.06128724291920662; val_loss: 0.43093153834342957; val_CER: 0.017175571992993355; val_WER: 0.07442747801542282
2024-03-07 13:12:51,345 - root - INFO - Epoch 44; loss: 0.24713951349258423; CER: 0.01452656276524067; WER: 0.0696638748049736; val_loss: 0.47780975699424744; val_CER: 0.019465647637844086; val_WER: 0.08301527053117752
2024-03-07 13:16:36,754 - root - INFO - Epoch 45; loss: 0.24193137884140015; CER: 0.013890363276004791; WER: 0.06733114272356033; val_loss: 0.39815202355384827; val_CER: 0.01984732784330845; val_WER: 0.08683206140995026
2024-03-07 13:20:22,076 - root - INFO - Epoch 46; loss: 0.18911045789718628; CER: 0.01174849085509777; WER: 0.056833844631910324; val_loss: 30.50294303894043; val_CER: 0.7423664927482605; val_WER: 0.9990457892417908
2024-03-07 13:24:10,359 - root - INFO - Epoch 47; loss: 0.20598240196704865; CER: 0.012257453985512257; WER: 0.05916657671332359; val_loss: 0.7603701949119568; val_CER: 0.026908397674560547; val_WER: 0.1049618348479271
2024-03-07 13:28:00,662 - root - INFO - Epoch 48; loss: 0.18979737162590027; CER: 0.01153641939163208; WER: 0.05566747859120369; val_loss: 1.5029311180114746; val_CER: 0.0652671679854393; val_WER: 0.22232824563980103
2024-03-07 13:31:41,217 - root - INFO - Epoch 49; loss: 0.18435640633106232; CER: 0.011048671789467335; WER: 0.05354681238532066; val_loss: 0.3235153257846832; val_CER: 0.013549619354307652; val_WER: 0.06297709792852402
2024-03-07 13:35:09,017 - root - INFO - Epoch 50; loss: 0.17553628981113434; CER: 0.010476087220013142; WER: 0.05015374720096588; val_loss: 12.381641387939453; val_CER: 0.42175570130348206; val_WER: 0.8835877776145935
2024-03-07 13:38:45,164 - root - INFO - Epoch 51; loss: 0.20410236716270447; CER: 0.011684871278703213; WER: 0.056939877569675446; val_loss: 2.3568217754364014; val_CER: 0.08778625726699829; val_WER: 0.3520992398262024
2024-03-07 13:42:18,189 - root - INFO - Epoch 52; loss: 0.19532057642936707; CER: 0.011515216901898384; WER: 0.056091614067554474; val_loss: 27.263105392456055; val_CER: 0.6874045729637146; val_WER: 0.9914122223854065
2024-03-07 13:45:58,523 - root - INFO - Epoch 53; loss: 0.1680012047290802; CER: 0.009967129677534103; WER: 0.04782101511955261; val_loss: 0.4884639382362366; val_CER: 0.017748089507222176; val_WER: 0.07156488299369812
2024-03-07 13:49:38,499 - root - INFO - Epoch 54; loss: 0.13587205111980438; CER: 0.008291804231703281; WER: 0.04061075299978256; val_loss: 26.860095977783203; val_CER: 0.6837786436080933; val_WER: 0.9923664331436157
2024-03-07 13:53:22,709 - root - INFO - Epoch 55; loss: 0.14255006611347198; CER: 0.008249389939010143; WER: 0.040716785937547684; val_loss: 0.33510538935661316; val_CER: 0.016412215307354927; val_WER: 0.07061068713665009
2024-03-07 13:57:07,029 - root - INFO - Epoch 56; loss: 0.15285924077033997; CER: 0.009097658097743988; WER: 0.04453398287296295; val_loss: 3.426697254180908; val_CER: 0.12251909077167511; val_WER: 0.3187022805213928
2024-03-07 14:00:48,560 - root - INFO - Epoch 57; loss: 0.1466529220342636; CER: 0.009712647646665573; WER: 0.048033080995082855; val_loss: 0.6629440784454346; val_CER: 0.028053438290953636; val_WER: 0.10209923982620239
2024-03-07 14:04:34,169 - root - INFO - Epoch 58; loss: 0.14642733335494995; CER: 0.008885589428246021; WER: 0.04368571564555168; val_loss: 6.463234901428223; val_CER: 0.2608778774738312; val_WER: 0.7137404680252075
2024-03-07 14:07:57,765 - root - INFO - Epoch 59; loss: 0.14701300859451294; CER: 0.008928004652261734; WER: 0.044109851121902466; val_loss: 41.42332458496094; val_CER: 0.8192747831344604; val_WER: 0.9990457892417908
2024-03-07 14:11:11,565 - root - INFO - Epoch 60; loss: 0.12501397728919983; CER: 0.00776163674890995; WER: 0.037641819566488266; val_loss: 10.390046119689941; val_CER: 0.35610684752464294; val_WER: 0.794847309589386
2024-03-07 14:14:37,742 - root - INFO - Epoch 61; loss: 0.1397751122713089; CER: 0.008079740218818188; WER: 0.039868518710136414; val_loss: 0.7137830257415771; val_CER: 0.023091601207852364; val_WER: 0.08015266805887222
2024-03-07 14:18:09,222 - root - INFO - Epoch 62; loss: 0.14826269447803497; CER: 0.009394552558660507; WER: 0.04580638185143471; val_loss: 0.6245100498199463; val_CER: 0.026526719331741333; val_WER: 0.09828244149684906
2024-03-07 14:21:41,507 - root - INFO - Epoch 63; loss: 0.16991163790225983; CER: 0.009967128746211529; WER: 0.04856324940919876; val_loss: 0.19999994337558746; val_CER: 0.009351144544780254; val_WER: 0.043893128633499146
2024-03-07 14:25:13,413 - root - INFO - Epoch 64; loss: 0.14320071041584015; CER: 0.008546283468604088; WER: 0.041565053164958954; val_loss: 0.42959219217300415; val_CER: 0.019847329705953598; val_WER: 0.08683206140995026
2024-03-07 14:28:46,102 - root - INFO - Epoch 65; loss: 0.13766519725322723; CER: 0.007485951296985149; WER: 0.03700561821460724; val_loss: 0.3849005103111267; val_CER: 0.013549620285630226; val_WER: 0.057251907885074615
2024-03-07 14:32:27,636 - root - INFO - Epoch 66; loss: 0.13698409497737885; CER: 0.007973705418407917; WER: 0.03902025148272514; val_loss: 3.4136760234832764; val_CER: 0.12385495007038116; val_WER: 0.34255725145339966
2024-03-07 14:36:07,089 - root - INFO - Epoch 67; loss: 0.13082654774188995; CER: 0.007634397130459547; WER: 0.03700561821460724; val_loss: 21.731342315673828; val_CER: 0.5914121866226196; val_WER: 0.9780534505844116
2024-03-07 14:39:47,917 - root - INFO - Epoch 68; loss: 0.13427822291851044; CER: 0.007846463471651077; WER: 0.0388081856071949; val_loss: 0.6655849814414978; val_CER: 0.022519085556268692; val_WER: 0.08587786555290222
2024-03-07 14:43:27,371 - root - INFO - Epoch 69; loss: 0.12495087832212448; CER: 0.007655605208128691; WER: 0.03742975369095802; val_loss: 0.2180330604314804; val_CER: 0.008587785065174103; val_WER: 0.03912213817238808
2024-03-07 14:47:09,023 - root - INFO - Epoch 70; loss: 0.12305787205696106; CER: 0.00710423244163394; WER: 0.03456685319542885; val_loss: 0.2579222321510315; val_CER: 0.012404580600559711; val_WER: 0.05248091742396355
2024-03-07 14:50:50,351 - root - INFO - Epoch 71; loss: 0.12144595384597778; CER: 0.007485950365662575; WER: 0.03647545352578163; val_loss: 2.986992835998535; val_CER: 0.12366414070129395; val_WER: 0.3864503800868988
2024-03-07 14:54:30,394 - root - INFO - Epoch 72; loss: 0.12455271184444427; CER: 0.007040614727884531; WER: 0.03456685319542885; val_loss: 0.2343546599149704; val_CER: 0.010496183298528194; val_WER: 0.051526717841625214
2024-03-07 14:57:59,138 - root - INFO - Epoch 73; loss: 0.1162528246641159; CER: 0.006955788005143404; WER: 0.034248754382133484; val_loss: 0.5899975299835205; val_CER: 0.028053434565663338; val_WER: 0.11259541660547256
2024-03-07 15:01:13,750 - root - INFO - Epoch 74; loss: 0.1246008425951004; CER: 0.007613191846758127; WER: 0.037641819566488266; val_loss: 0.3997493386268616; val_CER: 0.016412213444709778; val_WER: 0.06965649127960205
2024-03-07 15:04:30,527 - root - INFO - Epoch 75; loss: 0.11606962233781815; CER: 0.006998197641223669; WER: 0.034354787319898605; val_loss: 0.30126306414604187; val_CER: 0.01622137613594532; val_WER: 0.07538168132305145
2024-03-07 15:07:40,382 - root - INFO - Epoch 76; loss: 0.10996346175670624; CER: 0.006213551852852106; WER: 0.03074965626001358; val_loss: 0.41275131702423096; val_CER: 0.016603052616119385; val_WER: 0.07156488299369812
2024-03-07 15:10:41,448 - root - INFO - Epoch 77; loss: 0.10647289454936981; CER: 0.006574066821485758; WER: 0.032022055238485336; val_loss: 0.34965434670448303; val_CER: 0.014694656245410442; val_WER: 0.06202290207147598
2024-03-07 15:14:01,937 - root - INFO - Epoch 78; loss: 0.13227680325508118; CER: 0.007655604276806116; WER: 0.03711165487766266; val_loss: 0.3199581801891327; val_CER: 0.012404580600559711; val_WER: 0.05820610746741295
2024-03-07 15:17:31,581 - root - INFO - Epoch 79; loss: 0.1331481784582138; CER: 0.008058530278503895; WER: 0.039338354021310806; val_loss: 40.78853988647461; val_CER: 0.8440840244293213; val_WER: 1.0
2024-03-07 15:20:44,865 - root - INFO - Epoch 80; loss: 0.11571066826581955; CER: 0.006616481114178896; WER: 0.03244618698954582; val_loss: 0.3147517144680023; val_CER: 0.010687021538615227; val_WER: 0.041030533611774445
2024-03-07 15:24:11,495 - root - INFO - Epoch 81; loss: 0.11197252571582794; CER: 0.006892166566103697; WER: 0.03361255303025246; val_loss: 0.6559455394744873; val_CER: 0.024045804515480995; val_WER: 0.09160305559635162
2024-03-07 15:27:21,354 - root - INFO - Epoch 82; loss: 0.10224956274032593; CER: 0.005789418704807758; WER: 0.027992790564894676; val_loss: 0.2240551859140396; val_CER: 0.008969465270638466; val_WER: 0.041030533611774445
2024-03-07 15:30:22,262 - root - INFO - Epoch 83; loss: 0.1010809987783432; CER: 0.005916660185903311; WER: 0.02894708886742592; val_loss: 0.30442631244659424; val_CER: 0.013549620285630226; val_WER: 0.06202290207147598
2024-03-07 15:33:19,677 - root - INFO - Epoch 84; loss: 0.11507655680179596; CER: 0.006743719335645437; WER: 0.03329445421695709; val_loss: 3.0278050899505615; val_CER: 0.08091602474451065; val_WER: 0.2442748099565506
2024-03-07 15:36:21,429 - root - INFO - Epoch 85; loss: 0.1165969967842102; CER: 0.006764926016330719; WER: 0.03308238834142685; val_loss: 0.45266181230545044; val_CER: 0.01507633551955223; val_WER: 0.060114502906799316
2024-03-07 15:39:25,230 - root - INFO - Epoch 86; loss: 0.08483009040355682; CER: 0.005386495031416416; WER: 0.02661435678601265; val_loss: 0.5233795046806335; val_CER: 0.015267174690961838; val_WER: 0.060114502906799316
2024-03-07 15:42:43,569 - root - INFO - Epoch 87; loss: 0.10780582576990128; CER: 0.0064256200566887856; WER: 0.03159792348742485; val_loss: 0.5173783302307129; val_CER: 0.012786260806024075; val_WER: 0.04198473319411278
2024-03-07 15:45:49,160 - root - INFO - Epoch 88; loss: 0.09316504746675491; CER: 0.005831832531839609; WER: 0.028416922315955162; val_loss: 0.6785149574279785; val_CER: 0.029389314353466034; val_WER: 0.12118320912122726
2024-03-07 15:48:55,123 - root - INFO - Epoch 89; loss: 0.12064240872859955; CER: 0.007083025295287371; WER: 0.03467288613319397; val_loss: 0.3225758671760559; val_CER: 0.01125954370945692; val_WER: 0.05248091742396355
2024-03-07 15:51:54,251 - root - INFO - Epoch 90; loss: 0.08120907098054886; CER: 0.005195633973926306; WER: 0.025660056620836258; val_loss: 2.1374106407165527; val_CER: 0.055343516170978546; val_WER: 0.16698473691940308
2024-03-07 15:55:01,437 - root - INFO - Epoch 91; loss: 0.09491699934005737; CER: 0.0052804602310061455; WER: 0.02587212435901165; val_loss: 0.6075232625007629; val_CER: 0.015839695930480957; val_WER: 0.05534351244568825
2024-03-07 15:58:00,644 - root - INFO - Epoch 92; loss: 0.07981030642986298; CER: 0.004941153805702925; WER: 0.02417559176683426; val_loss: 0.4187938868999481; val_CER: 0.015267175622284412; val_WER: 0.06965649127960205
2024-03-07 16:01:03,487 - root - INFO - Epoch 93; loss: 0.08449801057577133; CER: 0.004729086998850107; WER: 0.023115258663892746; val_loss: 0.41709694266319275; val_CER: 0.015839695930480957; val_WER: 0.07156488299369812
2024-03-07 16:04:02,382 - root - INFO - Epoch 94; loss: 0.07694036513566971; CER: 0.004665467422455549; WER: 0.023115258663892746; val_loss: 1.5562727451324463; val_CER: 0.06335878372192383; val_WER: 0.25477099418640137
2024-03-07 16:07:05,486 - root - INFO - Epoch 95; loss: 0.07037369161844254; CER: 0.004262541886419058; WER: 0.0208885595202446; val_loss: 16.766891479492188; val_CER: 0.48473286628723145; val_WER: 0.9818702340126038
2024-03-07 16:10:08,386 - root - INFO - Epoch 96; loss: 0.07809662818908691; CER: 0.004368575289845467; WER: 0.021206658333539963; val_loss: 0.2995450794696808; val_CER: 0.0156488586217165; val_WER: 0.06965649127960205
2024-03-07 16:13:41,948 - root - INFO - Epoch 97; loss: 0.07420128583908081; CER: 0.004601848777383566; WER: 0.02258509211242199; val_loss: 0.47857415676116943; val_CER: 0.023091603070497513; val_WER: 0.10687022656202316
2024-03-07 16:18:42,145 - root - INFO - Epoch 98; loss: 0.06592383980751038; CER: 0.0038172006607055664; WER: 0.018873926252126694; val_loss: 0.25509390234947205; val_CER: 0.008778627030551434; val_WER: 0.041030533611774445
2024-03-07 16:22:21,828 - root - INFO - Epoch 99; loss: 0.09253928065299988; CER: 0.0054925247095525265; WER: 0.027250556275248528; val_loss: 1.394514560699463; val_CER: 0.045419842004776; val_WER: 0.14694656431674957
2024-03-07 16:25:55,739 - root - INFO - Epoch 100; loss: 0.08342186361551285; CER: 0.004771500360220671; WER: 0.023115258663892746; val_loss: 0.4385828971862793; val_CER: 0.013549617491662502; val_WER: 0.046755723655223846
2024-03-07 16:29:44,595 - root - INFO - Epoch 101; loss: 0.08013749867677689; CER: 0.004495813976973295; WER: 0.022160958498716354; val_loss: 19.551876068115234; val_CER: 0.529771089553833; val_WER: 0.9704198241233826
2024-03-07 16:33:24,478 - root - INFO - Epoch 102; loss: 0.07941699028015137; CER: 0.0047502946108579636; WER: 0.023221291601657867; val_loss: 0.4048881530761719; val_CER: 0.013167938217520714; val_WER: 0.05248091742396355
2024-03-07 16:37:18,198 - root - INFO - Epoch 103; loss: 0.07585248351097107; CER: 0.004707879852503538; WER: 0.02343335747718811; val_loss: 6.492823123931885; val_CER: 0.2332061231136322; val_WER: 0.6755725145339966
2024-03-07 16:41:20,743 - root - INFO - Epoch 104; loss: 0.06604252755641937; CER: 0.004177713766694069; WER: 0.020464425906538963; val_loss: 0.393602192401886; val_CER: 0.011259541846811771; val_WER: 0.038167938590049744
2024-03-07 16:45:05,010 - root - INFO - Epoch 105; loss: 0.07124195247888565; CER: 0.004538227804005146; WER: 0.022266991436481476; val_loss: 12.363309860229492; val_CER: 0.4190840423107147; val_WER: 0.9532442688941956
2024-03-07 16:48:50,551 - root - INFO - Epoch 106; loss: 0.08612823486328125; CER: 0.005238045938313007; WER: 0.025447990745306015; val_loss: 3.6310904026031494; val_CER: 0.11965648829936981; val_WER: 0.45324426889419556
2024-03-07 16:52:17,451 - root - INFO - Epoch 107; loss: 0.09162930399179459; CER: 0.005704594776034355; WER: 0.027886755764484406; val_loss: 0.25593018531799316; val_CER: 0.008587785996496677; val_WER: 0.03721373900771141
2024-03-07 16:55:37,151 - root - INFO - Epoch 108; loss: 0.07608722895383835; CER: 0.004517021588981152; WER: 0.022160958498716354; val_loss: 8.555334091186523; val_CER: 0.2988549768924713; val_WER: 0.7146946787834167
2024-03-07 16:59:32,026 - root - INFO - Epoch 109; loss: 0.06943364441394806; CER: 0.004368574824184179; WER: 0.021312691271305084; val_loss: 0.2695174217224121; val_CER: 0.008015266619622707; val_WER: 0.03721373900771141
2024-03-07 17:03:08,151 - root - INFO - Epoch 110; loss: 0.06939660012722015; CER: 0.00407168036326766; WER: 0.020040292292833328; val_loss: 0.21933907270431519; val_CER: 0.007633587811142206; val_WER: 0.03530534356832504
2024-03-07 17:06:54,502 - root - INFO - Epoch 111; loss: 0.05771271884441376; CER: 0.0032446198165416718; WER: 0.01622309349477291; val_loss: 1.4725029468536377; val_CER: 0.05095420405268669; val_WER: 0.16603054106235504
2024-03-07 17:10:12,586 - root - INFO - Epoch 112; loss: 0.07243569195270538; CER: 0.004177713766694069; WER: 0.020464425906538963; val_loss: 0.32308948040008545; val_CER: 0.009732825681567192; val_WER: 0.041030533611774445
2024-03-07 17:13:20,584 - root - INFO - Epoch 113; loss: 0.07611344754695892; CER: 0.004368572495877743; WER: 0.02173682488501072; val_loss: 0.4522005617618561; val_CER: 0.015267175622284412; val_WER: 0.06583969295024872
2024-03-07 17:16:21,207 - root - INFO - Epoch 114; loss: 0.08443018794059753; CER: 0.005174428224563599; WER: 0.025235924869775772; val_loss: 0.6239801049232483; val_CER: 0.023473285138607025; val_WER: 0.09732824563980103
2024-03-07 17:19:21,933 - root - INFO - Epoch 115; loss: 0.07190218567848206; CER: 0.003986854571849108; WER: 0.019722193479537964; val_loss: 0.5713168382644653; val_CER: 0.019465647637844086; val_WER: 0.06583969295024872
2024-03-07 17:22:20,172 - root - INFO - Epoch 116; loss: 0.05998460203409195; CER: 0.003477894002571702; WER: 0.017283426597714424; val_loss: 0.5041959285736084; val_CER: 0.016603052616119385; val_WER: 0.07538168132305145
2024-03-07 17:25:17,094 - root - INFO - Epoch 117; loss: 0.06119642034173012; CER: 0.0037959939800202847; WER: 0.018873926252126694; val_loss: 1.2107714414596558; val_CER: 0.037977103143930435; val_WER: 0.13454198837280273
2024-03-07 17:28:15,180 - root - INFO - Epoch 118; loss: 0.0659293532371521; CER: 0.0039232345297932625; WER: 0.01951012574136257; val_loss: 2.4233925342559814; val_CER: 0.09122136980295181; val_WER: 0.28339695930480957
2024-03-07 17:31:16,649 - root - INFO - Epoch 119; loss: 0.0669805258512497; CER: 0.003965646494179964; WER: 0.01951012574136257; val_loss: 0.3307577967643738; val_CER: 0.011450382880866528; val_WER: 0.04866412281990051
2024-03-07 17:34:17,264 - root - INFO - Epoch 120; loss: 0.05774993821978569; CER: 0.003202206688001752; WER: 0.015904994681477547; val_loss: 0.607362687587738; val_CER: 0.019847329705953598; val_WER: 0.07347328215837479
2024-03-07 17:37:16,860 - root - INFO - Epoch 121; loss: 0.07696464657783508; CER: 0.0042413328774273396; WER: 0.021206658333539963; val_loss: 0.5266624689102173; val_CER: 0.021183209493756294; val_WER: 0.08015266805887222
2024-03-07 17:40:16,683 - root - INFO - Epoch 122; loss: 0.06815523654222488; CER: 0.00428374670445919; WER: 0.02099459245800972; val_loss: 0.46582919359207153; val_CER: 0.018893128260970116; val_WER: 0.07824427634477615
2024-03-07 17:43:15,398 - root - INFO - Epoch 123; loss: 0.06089974567294121; CER: 0.0035415138117969036; WER: 0.017389459535479546; val_loss: 0.4701354205608368; val_CER: 0.013549618422985077; val_WER: 0.04866412281990051
2024-03-07 17:46:15,006 - root - INFO - Epoch 124; loss: 0.055612217634916306; CER: 0.0033930675126612186; WER: 0.016753260046243668; val_loss: 28.993331909179688; val_CER: 0.6799619197845459; val_WER: 0.9942747950553894
2024-03-07 17:49:14,514 - root - INFO - Epoch 125; loss: 0.06737314909696579; CER: 0.004177713766694069; WER: 0.020676491782069206; val_loss: 0.3047867715358734; val_CER: 0.009732822887599468; val_WER: 0.043893128633499146
2024-03-07 17:52:14,088 - root - INFO - Epoch 126; loss: 0.066254623234272; CER: 0.003838406875729561; WER: 0.018873926252126694; val_loss: 0.3798636198043823; val_CER: 0.011832059361040592; val_WER: 0.043893128633499146
2024-03-07 17:55:13,589 - root - INFO - Epoch 127; loss: 0.05919061601161957; CER: 0.0033294467721134424; WER: 0.016541194170713425; val_loss: 16.659921646118164; val_CER: 0.46812981367111206; val_WER: 0.9570610523223877
2024-03-07 17:58:14,533 - root - INFO - Epoch 128; loss: 0.08256646245718002; CER: 0.00485632661730051; WER: 0.023751458153128624; val_loss: 57.83713150024414; val_CER: 0.9589694738388062; val_WER: 1.0
2024-03-07 18:01:13,955 - root - INFO - Epoch 129; loss: 0.08059599250555038; CER: 0.004898741375654936; WER: 0.02417559176683426; val_loss: 7.871499061584473; val_CER: 0.2612595558166504; val_WER: 0.6564885377883911
2024-03-07 18:04:14,570 - root - INFO - Epoch 130; loss: 0.06810477375984192; CER: 0.0037323737051337957; WER: 0.01866186037659645; val_loss: 0.6705837249755859; val_CER: 0.020992368459701538; val_WER: 0.08969465643167496
2024-03-07 18:07:14,056 - root - INFO - Epoch 131; loss: 0.06417730450630188; CER: 0.0033930670469999313; WER: 0.01685929298400879; val_loss: 0.18299873173236847; val_CER: 0.007633587811142206; val_WER: 0.03721373900771141
2024-03-07 18:10:13,383 - root - INFO - Epoch 132; loss: 0.05556077882647514; CER: 0.003032552544027567; WER: 0.015162761323153973; val_loss: 0.2603570520877838; val_CER: 0.010496183298528194; val_WER: 0.046755723655223846
2024-03-07 18:13:12,566 - root - INFO - Epoch 133; loss: 0.04656131565570831; CER: 0.0029901398811489344; WER: 0.014844661578536034; val_loss: 0.46322643756866455; val_CER: 0.017557254061102867; val_WER: 0.06488549709320068
2024-03-07 18:16:11,764 - root - INFO - Epoch 134; loss: 0.03620511665940285; CER: 0.0018449784256517887; WER: 0.00922489631921053; val_loss: 0.13728390634059906; val_CER: 0.005343511234968901; val_WER: 0.02671755664050579
2024-03-07 18:19:12,893 - root - INFO - Epoch 135; loss: 0.045194029808044434; CER: 0.002481179777532816; WER: 0.012299861758947372; val_loss: 8.022968292236328; val_CER: 0.25744274258613586; val_WER: 0.6040076613426208
2024-03-07 18:22:12,657 - root - INFO - Epoch 136; loss: 0.05843333154916763; CER: 0.003626340301707387; WER: 0.017919626086950302; val_loss: 0.13596343994140625; val_CER: 0.006106869783252478; val_WER: 0.02958015352487564
2024-03-07 18:25:11,644 - root - INFO - Epoch 137; loss: 0.04130835458636284; CER: 0.0024175592698156834; WER: 0.01208779588341713; val_loss: 1.401721477508545; val_CER: 0.042175572365522385; val_WER: 0.13454198837280273
2024-03-07 18:28:09,924 - root - INFO - Epoch 138; loss: 0.04167153313755989; CER: 0.002481179777532816; WER: 0.012405895628035069; val_loss: 0.2898460328578949; val_CER: 0.011641220189630985; val_WER: 0.05248091742396355
2024-03-07 18:31:09,335 - root - INFO - Epoch 139; loss: 0.04898246377706528; CER: 0.00296893366612494; WER: 0.014738627709448338; val_loss: 0.24959807097911835; val_CER: 0.00839694682508707; val_WER: 0.038167938590049744
2024-03-07 18:34:10,915 - root - INFO - Epoch 140; loss: 0.0532357320189476; CER: 0.0029689327348023653; WER: 0.014632594771683216; val_loss: 0.41493862867355347; val_CER: 0.014885497279465199; val_WER: 0.06870228797197342
2024-03-07 18:37:09,903 - root - INFO - Epoch 141; loss: 0.05742517486214638; CER: 0.0034778935369104147; WER: 0.01707136072218418; val_loss: 0.3978677988052368; val_CER: 0.01736641302704811; val_WER: 0.07729007303714752
2024-03-07 18:40:10,516 - root - INFO - Epoch 142; loss: 0.045873966068029404; CER: 0.0028416921850293875; WER: 0.013996395282447338; val_loss: 1.5404210090637207; val_CER: 0.048282440751791; val_WER: 0.1450381726026535
2024-03-07 18:43:08,888 - root - INFO - Epoch 143; loss: 0.06417947262525558; CER: 0.0037535803858190775; WER: 0.01855582743883133; val_loss: 0.2339886724948883; val_CER: 0.009160304442048073; val_WER: 0.041030533611774445
2024-03-07 18:46:10,346 - root - INFO - Epoch 144; loss: 0.04871000722050667; CER: 0.003180999541655183; WER: 0.015692926943302155; val_loss: 0.3038857579231262; val_CER: 0.008969465270638466; val_WER: 0.038167938590049744
2024-03-07 18:48:52,947 - root - INFO - Epoch 145; loss: 0.03402641788125038; CER: 0.00229031965136528; WER: 0.011451595462858677; val_loss: 16.155582427978516; val_CER: 0.47958019375801086; val_WER: 0.9465649127960205
2024-03-07 18:51:45,257 - root - INFO - Epoch 146; loss: 0.04883700609207153; CER: 0.0027356594800949097; WER: 0.013572261668741703; val_loss: 0.23635312914848328; val_CER: 0.007442748174071312; val_WER: 0.036259543150663376
2024-03-07 18:54:37,837 - root - INFO - Epoch 147; loss: 0.05674288794398308; CER: 0.0029901405796408653; WER: 0.014950694516301155; val_loss: 0.20536771416664124; val_CER: 0.007442747708410025; val_WER: 0.033396948128938675
2024-03-07 18:57:30,685 - root - INFO - Epoch 148; loss: 0.0481087788939476; CER: 0.002735659945756197; WER: 0.013678294606506824; val_loss: 0.3269406259059906; val_CER: 0.011068702675402164; val_WER: 0.049618322402238846
2024-03-07 19:00:23,424 - root - INFO - Epoch 149; loss: 0.034936852753162384; CER: 0.0019298053812235594; WER: 0.009542996063828468; val_loss: 0.27596014738082886; val_CER: 0.011450382880866528; val_WER: 0.05343511328101158
2024-03-07 19:03:20,591 - root - INFO - Epoch 150; loss: 0.060525279492139816; CER: 0.00356271886266768; WER: 0.01781359314918518; val_loss: 0.6736465692520142; val_CER: 0.020038167014718056; val_WER: 0.07347328215837479
2024-03-07 19:06:14,493 - root - INFO - Epoch 151; loss: 0.05617446452379227; CER: 0.0032234129030257463; WER: 0.01611706055700779; val_loss: 0.3943639397621155; val_CER: 0.012977099977433681; val_WER: 0.057251907885074615
2024-03-07 19:09:08,490 - root - INFO - Epoch 152; loss: 0.0487811453640461; CER: 0.002905313391238451; WER: 0.014208461157977581; val_loss: 1.0773147344589233; val_CER: 0.03721373900771141; val_WER: 0.12881679832935333
2024-03-07 19:12:00,537 - root - INFO - Epoch 153; loss: 0.04582437500357628; CER: 0.002990140113979578; WER: 0.014738627709448338; val_loss: 0.30620741844177246; val_CER: 0.011450381949543953; val_WER: 0.04198473319411278
2024-03-07 19:14:56,062 - root - INFO - Epoch 154; loss: 0.05586087703704834; CER: 0.003159792860969901; WER: 0.015586894005537033; val_loss: 0.39342013001441956; val_CER: 0.01164122112095356; val_WER: 0.04770992323756218
2024-03-07 19:17:54,185 - root - INFO - Epoch 155; loss: 0.03159487992525101; CER: 0.0019085989333689213; WER: 0.009542996063828468; val_loss: 0.38568809628486633; val_CER: 0.010687023401260376; val_WER: 0.04007633402943611
2024-03-07 19:20:49,175 - root - INFO - Epoch 156; loss: 0.044327136129140854; CER: 0.0022479048930108547; WER: 0.011239529587328434; val_loss: 1.2198926210403442; val_CER: 0.043702296912670135; val_WER: 0.17080152034759521
2024-03-07 19:23:45,226 - root - INFO - Epoch 157; loss: 0.03834886476397514; CER: 0.002226699609309435; WER: 0.011133495718240738; val_loss: 0.23019185662269592; val_CER: 0.008778625167906284; val_WER: 0.04007633402943611
2024-03-07 19:26:41,118 - root - INFO - Epoch 158; loss: 0.04831751435995102; CER: 0.002672039670869708; WER: 0.013360194861888885; val_loss: 0.34035736322402954; val_CER: 0.013167940080165863; val_WER: 0.060114502906799316
2024-03-07 19:29:40,451 - root - INFO - Epoch 159; loss: 0.03870023414492607; CER: 0.0022479058243334293; WER: 0.011027462780475616; val_loss: 0.17900218069553375; val_CER: 0.006106870248913765; val_WER: 0.028625953942537308
2024-03-07 19:32:38,837 - root - INFO - Epoch 160; loss: 0.030225304886698723; CER: 0.0018449791241437197; WER: 0.00922489631921053; val_loss: 0.40974608063697815; val_CER: 0.012786260806024075; val_WER: 0.04580152779817581
2024-03-07 19:35:35,965 - root - INFO - Epoch 161; loss: 0.03229723870754242; CER: 0.0017813588492572308; WER: 0.00890679657459259; val_loss: 39.836952209472656; val_CER: 0.8152671456336975; val_WER: 1.0
2024-03-07 19:38:33,501 - root - INFO - Epoch 162; loss: 0.03670186921954155; CER: 0.0023115260992199183; WER: 0.011557629331946373; val_loss: 0.5252682566642761; val_CER: 0.014312975108623505; val_WER: 0.05057251825928688
2024-03-07 19:41:36,303 - root - INFO - Epoch 163; loss: 0.03893619403243065; CER: 0.002099459059536457; WER: 0.010179196484386921; val_loss: 0.6246499419212341; val_CER: 0.020038167014718056; val_WER: 0.07538168132305145
2024-03-07 19:44:47,051 - root - INFO - Epoch 164; loss: 0.045185256749391556; CER: 0.002587212948128581; WER: 0.012830028310418129; val_loss: 42.56583023071289; val_CER: 0.8398855924606323; val_WER: 1.0
2024-03-07 19:48:10,602 - root - INFO - Epoch 165; loss: 0.050347257405519485; CER: 0.0029053129255771637; WER: 0.01452656090259552; val_loss: 0.3380768597126007; val_CER: 0.012022900395095348; val_WER: 0.05534351244568825
2024-03-07 19:51:34,138 - root - INFO - Epoch 166; loss: 0.0376071073114872; CER: 0.002205493161454797; WER: 0.010709363035857677; val_loss: 21.737035751342773; val_CER: 0.5519084930419922; val_WER: 0.9713740348815918
2024-03-07 19:54:55,431 - root - INFO - Epoch 167; loss: 0.05410858988761902; CER: 0.00296893366612494; WER: 0.01452656090259552; val_loss: 17.91023826599121; val_CER: 0.49332067370414734; val_WER: 0.9398854970932007
2024-03-07 19:58:21,414 - root - INFO - Epoch 168; loss: 0.03680317476391792; CER: 0.0022266986779868603; WER: 0.011133495718240738; val_loss: 0.5204267501831055; val_CER: 0.020038167014718056; val_WER: 0.06679389625787735
2024-03-07 20:01:17,523 - root - INFO - Epoch 169; loss: 0.0351446233689785; CER: 0.002311525633558631; WER: 0.011451595462858677; val_loss: 0.48904016613960266; val_CER: 0.013358778320252895; val_WER: 0.05248091742396355
2024-03-07 20:04:16,471 - root - INFO - Epoch 170; loss: 0.04224483668804169; CER: 0.002714452799409628; WER: 0.013148128055036068; val_loss: 0.5968414545059204; val_CER: 0.022519083693623543; val_WER: 0.08874046057462692
2024-03-07 20:07:08,963 - root - INFO - Epoch 171; loss: 0.035075049847364426; CER: 0.001802565180696547; WER: 0.008800763636827469; val_loss: 0.1695110946893692; val_CER: 0.006297709885984659; val_WER: 0.02958015352487564
2024-03-07 20:10:22,108 - root - INFO - Epoch 172; loss: 0.039781320840120316; CER: 0.0022903201170265675; WER: 0.011345562525093555; val_loss: 0.2809534966945648; val_CER: 0.008587785996496677; val_WER: 0.03912213817238808
2024-03-07 20:13:16,342 - root - INFO - Epoch 173; loss: 0.028382662683725357; CER: 0.0016753252130001783; WER: 0.008164563216269016; val_loss: 3.5705509185791016; val_CER: 0.11393129825592041; val_WER: 0.33969464898109436
2024-03-07 20:16:32,618 - root - INFO - Epoch 174; loss: 0.04303142800927162; CER: 0.0027144532650709152; WER: 0.013466228730976582; val_loss: 0.22075271606445312; val_CER: 0.007633586879819632; val_WER: 0.03721373900771141
2024-03-07 20:16:34,606 - tf2onnx.tfonnx - INFO - Using tensorflow=2.10.0, onnx=1.12.0, tf2onnx=1.14.0/8f8d49
2024-03-07 20:16:34,606 - tf2onnx.tfonnx - INFO - Using opset <onnx, 15>
2024-03-07 20:16:34,740 - tf2onnx.tf_utils - INFO - Computed 0 values for constant folding
2024-03-07 20:16:34,743 - tf2onnx.tf_utils - INFO - Computed 0 values for constant folding
2024-03-07 20:16:34,747 - tf2onnx.tf_utils - INFO - Computed 0 values for constant folding
2024-03-07 20:16:34,754 - tf2onnx.tf_utils - INFO - Computed 0 values for constant folding
2024-03-07 20:16:34,815 - tf2onnx.tf_utils - INFO - Computed 2 values for constant folding
2024-03-07 20:16:34,949 - tf2onnx.tfonnx - INFO - folding node using tf type=StridedSlice, name=model/bidirectional/forward_lstm/PartitionedCall/strided_slice
2024-03-07 20:16:34,949 - tf2onnx.tfonnx - INFO - folding node using tf type=StridedSlice, name=model/bidirectional/backward_lstm/PartitionedCall/strided_slice
2024-03-07 20:16:35,195 - tf2onnx.optimizer - INFO - Optimizing ONNX model
2024-03-07 20:16:35,986 - tf2onnx.optimizer - INFO - After optimization: BatchNormalization -18 (18->0), Cast -4 (11->7), Concat -4 (10->6), Const -128 (194->66), Expand -3 (4->1), Gather +2 (2->4), Identity -2 (2->0), Shape -1 (4->3), Slice -1 (5->4), Squeeze -3 (5->2), Transpose -83 (87->4), Unsqueeze -14 (17->3)
